  Core.cpp
C:\Program Files (x86)\Microsoft Visual Studio 14.0\VC\include\xutility(3258): error C2678: 二进制“==”: 没有找到接受“Line”类型的左操作数的运算符(或没有可接受的转换)
  C:\Program Files (x86)\Microsoft Visual Studio 14.0\VC\include\system_error(389): note: 可能是“bool std::operator ==(const std::error_condition &,const std::error_condition &) noexcept”
  C:\Program Files (x86)\Microsoft Visual Studio 14.0\VC\include\system_error(381): note: 或  “bool std::operator ==(const std::error_condition &,const std::error_code &) noexcept”
  C:\Program Files (x86)\Microsoft Visual Studio 14.0\VC\include\system_error(373): note: 或  “bool std::operator ==(const std::error_code &,const std::error_condition &) noexcept”
  C:\Program Files (x86)\Microsoft Visual Studio 14.0\VC\include\system_error(365): note: 或  “bool std::operator ==(const std::error_code &,const std::error_code &) noexcept”
  C:\Program Files (x86)\Microsoft Visual Studio 14.0\VC\include\exception(339): note: 或  “bool std::operator ==(const std::exception_ptr &,std::nullptr_t) throw()”
  C:\Program Files (x86)\Microsoft Visual Studio 14.0\VC\include\exception(334): note: 或  “bool std::operator ==(std::nullptr_t,const std::exception_ptr &) throw()”
  C:\Program Files (x86)\Microsoft Visual Studio 14.0\VC\include\exception(329): note: 或  “bool std::operator ==(const std::exception_ptr &,const std::exception_ptr &) throw()”
  C:\Program Files (x86)\Microsoft Visual Studio 14.0\VC\include\xutility(3258): note: 尝试匹配参数列表“(Line, const std::string)”时
  C:\Program Files (x86)\Microsoft Visual Studio 14.0\VC\include\xutility(3277): note: 参见对正在编译的函数 模板 实例化“_InIt std::_Find_unchecked1<_InIt,_Ty>(_InIt,_InIt,const _Ty &,std::false_type)”的引用
          with
          [
              _InIt=Line *,
              _Ty=std::string
          ]
  C:\Program Files (x86)\Microsoft Visual Studio 14.0\VC\include\xutility(3286): note: 参见对正在编译的函数 模板 实例化“_InIt std::_Find_unchecked<Line*,_Ty>(_InIt,_InIt,const _Ty &)”的引用
          with
          [
              _InIt=Line *,
              _Ty=std::string
          ]
  Core.cpp(418): note: 参见对正在编译的函数 模板 实例化“_InIt std::find<std::_Vector_iterator<std::_Vector_val<std::_Simple_types<Line>>>,std::string>(_InIt,_InIt,const _Ty &)”的引用
          with
          [
              _InIt=std::_Vector_iterator<std::_Vector_val<std::_Simple_types<Line>>>,
              _Ty=std::string
          ]
  Line.cpp
  main.cpp
  Station.cpp
  IO.cpp
